Arguments: 
  C:\Program Files\nodejs\node.exe C:\Program Files (x86)\Yarn\bin\yarn.js init

PATH: 
  C:\Program Files (x86)\Common Files\Oracle\Java\javapath;C:\WINDOWS\system32;C:\WINDOWS;C:\WINDOWS\System32\Wbem;C:\WINDOWS\System32\WindowsPowerShell\v1.0\;C:\WINDOWS\System32\OpenSSH\;C:\Program Files\nodejs\;C:\Program Files\Git\cmd;C:\Program Files (x86)\Yarn\bin\;C:\texlive\2019\bin\win32;C:\Users\Rodrigo Lima\AppData\Local\Programs\Python\Python37-32\Scripts\;C:\Users\Rodrigo Lima\AppData\Local\Programs\Python\Python37-32\;C:\Users\Rodrigo Lima\AppData\Local\Microsoft\WindowsApps;C:\Users\Rodrigo Lima\AppData\Local\GitHubDesktop\bin;C:\Users\Rodrigo Lima\AppData\Roaming\npm;C:\Program Files\JetBrains\WebStorm 2019.1\bin;;C:\Program Files\JetBrains\PyCharm 2019.1.1\bin;;C:\Users\Rodrigo Lima\AppData\Local\Microsoft\WindowsApps;C:\Users\Rodrigo Lima\AppData\Local\Programs\MiKTeX 2.9\miktex\bin\x64\;C:\Users\Rodrigo Lima\AppData\Local\Programs\Microsoft VS Code\bin;C:\Users\Rodrigo Lima\AppData\Local\Yarn\bin

Yarn version: 
  1.17.3

Node version: 
  10.15.0

Platform: 
  win32 x64

Trace: 
  Error: canceled
      at Interface.<anonymous> (C:\Program Files (x86)\Yarn\lib\cli.js:136724:13)
      at Interface.emit (events.js:182:13)
      at Interface._ttyWrite (readline.js:783:16)
      at ReadStream.onkeypress (readline.js:168:10)
      at ReadStream.emit (events.js:182:13)
      at emitKeys (internal/readline.js:424:14)
      at emitKeys.next (<anonymous>)
      at ReadStream.onData (readline.js:1022:36)
      at ReadStream.emit (events.js:182:13)
      at addChunk (_stream_readable.js:283:12)

npm manifest: 
  No manifest

yarn manifest: 
  No manifest

Lockfile: 
  No lockfile
